<?xml version="1.0" encoding="UTF-8"?>
<robot generator="Robot 7.3.2 (Python 3.12.4 on darwin)" generated="2025-10-23T00:47:45.071533" rpa="false" schemaversion="5">
<suite id="s1" name="Buy Product Test" source="/Users/nursatsakyshev/Documents/Software-Test-Automation-Homework/test_cases/buy_product_test.robot">
<test id="s1-t1" name="Buy Product Test" line="10">
<kw name="Open Browser" owner="SeleniumLibrary">
<msg time="2025-10-23T00:47:45.163703" level="INFO">Opening browser 'chrome' to base url 'https://www.demoblaze.com/'.</msg>
<arg>${URL}</arg>
<arg>chrome</arg>
<doc>Opens a new browser instance to the optional ``url``.</doc>
<status status="PASS" start="2025-10-23T00:47:45.163572" elapsed="4.460092"/>
</kw>
<kw name="Maximize Browser Window" owner="SeleniumLibrary">
<doc>Maximizes current browser window.</doc>
<status status="PASS" start="2025-10-23T00:47:49.624685" elapsed="0.357767"/>
</kw>
<kw name="Sleep" owner="BuiltIn">
<msg time="2025-10-23T00:47:51.985633" level="INFO">Slept 2 seconds.</msg>
<arg>2s</arg>
<doc>Pauses the test executed for the given time.</doc>
<status status="PASS" start="2025-10-23T00:47:49.982624" elapsed="2.003856"/>
</kw>
<kw name="Click Element" owner="SeleniumLibrary">
<msg time="2025-10-23T00:47:51.992234" level="INFO">Clicking element 'id:login2'.</msg>
<arg>id:login2</arg>
<doc>Click the element identified by ``locator``.</doc>
<status status="PASS" start="2025-10-23T00:47:51.987397" elapsed="0.072106"/>
</kw>
<kw name="Sleep" owner="BuiltIn">
<msg time="2025-10-23T00:47:54.062359" level="INFO">Slept 2 seconds.</msg>
<arg>2s</arg>
<doc>Pauses the test executed for the given time.</doc>
<status status="PASS" start="2025-10-23T00:47:52.059664" elapsed="2.003377"/>
</kw>
<kw name="Input Text" owner="SeleniumLibrary">
<msg time="2025-10-23T00:47:54.065078" level="INFO">Typing text 'nursat_sakyshev' into text field 'id:loginusername'.</msg>
<arg>id:loginusername</arg>
<arg>${USERNAME}</arg>
<doc>Types the given ``text`` into the text field identified by ``locator``.</doc>
<status status="PASS" start="2025-10-23T00:47:54.064203" elapsed="0.148585"/>
</kw>
<kw name="Input Text" owner="SeleniumLibrary">
<msg time="2025-10-23T00:47:54.213097" level="INFO">Typing text 'test12345' into text field 'id:loginpassword'.</msg>
<arg>id:loginpassword</arg>
<arg>${PASSWORD}</arg>
<doc>Types the given ``text`` into the text field identified by ``locator``.</doc>
<status status="PASS" start="2025-10-23T00:47:54.212946" elapsed="0.048751"/>
</kw>
<kw name="Sleep" owner="BuiltIn">
<msg time="2025-10-23T00:47:55.264910" level="INFO">Slept 1 second.</msg>
<arg>1s</arg>
<doc>Pauses the test executed for the given time.</doc>
<status status="PASS" start="2025-10-23T00:47:54.261883" elapsed="1.003515"/>
</kw>
<kw name="Click Button" owner="SeleniumLibrary">
<msg time="2025-10-23T00:47:55.269162" level="INFO">Clicking button 'xpath://button[text()='Log in']'.</msg>
<arg>xpath://button[text()='Log in']</arg>
<doc>Clicks the button identified by ``locator``.</doc>
<status status="PASS" start="2025-10-23T00:47:55.266247" elapsed="0.069741"/>
</kw>
<kw name="Wait Until Page Contains" owner="SeleniumLibrary">
<arg>Welcome ${USERNAME}</arg>
<arg>10s</arg>
<doc>Waits until ``text`` appears on the current page.</doc>
<status status="PASS" start="2025-10-23T00:47:55.336184" elapsed="1.459712"/>
</kw>
<kw name="Sleep" owner="BuiltIn">
<msg time="2025-10-23T00:47:58.797580" level="INFO">Slept 2 seconds.</msg>
<arg>2s</arg>
<doc>Pauses the test executed for the given time.</doc>
<status status="PASS" start="2025-10-23T00:47:56.796423" elapsed="2.003635"/>
</kw>
<kw name="Click Element" owner="SeleniumLibrary">
<msg time="2025-10-23T00:47:58.803575" level="INFO">Clicking element 'xpath://a[text()='Samsung galaxy s6']'.</msg>
<arg>xpath://a[text()='Samsung galaxy s6']</arg>
<doc>Click the element identified by ``locator``.</doc>
<status status="PASS" start="2025-10-23T00:47:58.802763" elapsed="1.082283"/>
</kw>
<kw name="Wait Until Element Is Visible" owner="SeleniumLibrary">
<arg>xpath://a[contains(text(),'Add to cart')]</arg>
<arg>10s</arg>
<doc>Waits until the element ``locator`` is visible.</doc>
<status status="PASS" start="2025-10-23T00:47:59.885394" elapsed="0.862463"/>
</kw>
<kw name="Sleep" owner="BuiltIn">
<msg time="2025-10-23T00:48:02.748631" level="INFO">Slept 2 seconds.</msg>
<arg>2s</arg>
<doc>Pauses the test executed for the given time.</doc>
<status status="PASS" start="2025-10-23T00:48:00.748097" elapsed="2.001565"/>
</kw>
<kw name="Click Element" owner="SeleniumLibrary">
<msg time="2025-10-23T00:48:02.750586" level="INFO">Clicking element 'xpath://a[contains(text(),'Add to cart')]'.</msg>
<arg>xpath://a[contains(text(),'Add to cart')]</arg>
<doc>Click the element identified by ``locator``.</doc>
<status status="PASS" start="2025-10-23T00:48:02.750200" elapsed="0.049374"/>
</kw>
<kw name="Handle Alert" owner="SeleniumLibrary">
<msg time="2025-10-23T00:48:02.799870" level="INFO">HANDLE::&lt;class 'NoneType'&gt;::None</msg>
<arg>ACCEPT</arg>
<doc>Handles the current alert and returns its message.</doc>
<status status="PASS" start="2025-10-23T00:48:02.799747" elapsed="1.033276"/>
</kw>
<kw name="Sleep" owner="BuiltIn">
<msg time="2025-10-23T00:48:05.836096" level="INFO">Slept 2 seconds.</msg>
<arg>2s</arg>
<doc>Pauses the test executed for the given time.</doc>
<status status="PASS" start="2025-10-23T00:48:03.833482" elapsed="2.003201"/>
</kw>
<kw name="Click Element" owner="SeleniumLibrary">
<msg time="2025-10-23T00:48:05.839177" level="INFO">Clicking element 'id:cartur'.</msg>
<arg>id:cartur</arg>
<doc>Click the element identified by ``locator``.</doc>
<status status="PASS" start="2025-10-23T00:48:05.838229" elapsed="0.948403"/>
</kw>
<kw name="Wait Until Page Contains Element" owner="SeleniumLibrary">
<arg>xpath://button[text()='Place Order']</arg>
<arg>10s</arg>
<doc>Waits until the element ``locator`` appears on the current page.</doc>
<status status="PASS" start="2025-10-23T00:48:06.786961" elapsed="0.020007"/>
</kw>
<kw name="Sleep" owner="BuiltIn">
<msg time="2025-10-23T00:48:08.809400" level="INFO">Slept 2 seconds.</msg>
<arg>2s</arg>
<doc>Pauses the test executed for the given time.</doc>
<status status="PASS" start="2025-10-23T00:48:06.807140" elapsed="2.002856"/>
</kw>
<kw name="Click Button" owner="SeleniumLibrary">
<msg time="2025-10-23T00:48:08.812159" level="INFO">Clicking button 'xpath://button[text()='Place Order']'.</msg>
<arg>xpath://button[text()='Place Order']</arg>
<doc>Clicks the button identified by ``locator``.</doc>
<status status="PASS" start="2025-10-23T00:48:08.811230" elapsed="0.055905"/>
</kw>
<kw name="Wait Until Element Is Visible" owner="SeleniumLibrary">
<arg>id:name</arg>
<arg>10s</arg>
<doc>Waits until the element ``locator`` is visible.</doc>
<status status="PASS" start="2025-10-23T00:48:08.867293" elapsed="0.222025"/>
</kw>
<kw name="Sleep" owner="BuiltIn">
<msg time="2025-10-23T00:48:10.091676" level="INFO">Slept 1 second.</msg>
<arg>1s</arg>
<doc>Pauses the test executed for the given time.</doc>
<status status="PASS" start="2025-10-23T00:48:09.089583" elapsed="1.002641"/>
</kw>
<kw name="Input Text" owner="SeleniumLibrary">
<msg time="2025-10-23T00:48:10.096967" level="INFO">Typing text 'Nursat' into text field 'id:name'.</msg>
<arg>id:name</arg>
<arg>Nursat</arg>
<doc>Types the given ``text`` into the text field identified by ``locator``.</doc>
<status status="PASS" start="2025-10-23T00:48:10.093185" elapsed="0.063703"/>
</kw>
<kw name="Input Text" owner="SeleniumLibrary">
<msg time="2025-10-23T00:48:10.157180" level="INFO">Typing text 'Kazakhstan' into text field 'id:country'.</msg>
<arg>id:country</arg>
<arg>Kazakhstan</arg>
<doc>Types the given ``text`` into the text field identified by ``locator``.</doc>
<status status="PASS" start="2025-10-23T00:48:10.157046" elapsed="0.041972"/>
</kw>
<kw name="Input Text" owner="SeleniumLibrary">
<msg time="2025-10-23T00:48:10.199300" level="INFO">Typing text 'Almaty' into text field 'id:city'.</msg>
<arg>id:city</arg>
<arg>Almaty</arg>
<doc>Types the given ``text`` into the text field identified by ``locator``.</doc>
<status status="PASS" start="2025-10-23T00:48:10.199176" elapsed="0.035551"/>
</kw>
<kw name="Input Text" owner="SeleniumLibrary">
<msg time="2025-10-23T00:48:10.236264" level="INFO">Typing text '1234567890123456' into text field 'id:card'.</msg>
<arg>id:card</arg>
<arg>1234567890123456</arg>
<doc>Types the given ``text`` into the text field identified by ``locator``.</doc>
<status status="PASS" start="2025-10-23T00:48:10.236117" elapsed="0.056049"/>
</kw>
<kw name="Input Text" owner="SeleniumLibrary">
<msg time="2025-10-23T00:48:10.292450" level="INFO">Typing text '10' into text field 'id:month'.</msg>
<arg>id:month</arg>
<arg>10</arg>
<doc>Types the given ``text`` into the text field identified by ``locator``.</doc>
<status status="PASS" start="2025-10-23T00:48:10.292320" elapsed="0.045391"/>
</kw>
<kw name="Input Text" owner="SeleniumLibrary">
<msg time="2025-10-23T00:48:10.337980" level="INFO">Typing text '2025' into text field 'id:year'.</msg>
<arg>id:year</arg>
<arg>2025</arg>
<doc>Types the given ``text`` into the text field identified by ``locator``.</doc>
<status status="PASS" start="2025-10-23T00:48:10.337856" elapsed="0.041330"/>
</kw>
<kw name="Sleep" owner="BuiltIn">
<msg time="2025-10-23T00:48:11.380250" level="INFO">Slept 1 second.</msg>
<arg>1s</arg>
<doc>Pauses the test executed for the given time.</doc>
<status status="PASS" start="2025-10-23T00:48:10.379334" elapsed="1.001155"/>
</kw>
<kw name="Click Button" owner="SeleniumLibrary">
<msg time="2025-10-23T00:48:11.381154" level="INFO">Clicking button 'xpath://button[text()='Purchase']'.</msg>
<arg>xpath://button[text()='Purchase']</arg>
<doc>Clicks the button identified by ``locator``.</doc>
<status status="PASS" start="2025-10-23T00:48:11.380842" elapsed="0.065871"/>
</kw>
<kw name="Sleep" owner="BuiltIn">
<msg time="2025-10-23T00:48:14.447276" level="INFO">Slept 3 seconds.</msg>
<arg>3s</arg>
<doc>Pauses the test executed for the given time.</doc>
<status status="PASS" start="2025-10-23T00:48:11.446876" elapsed="3.000939"/>
</kw>
<kw name="Wait Until Page Contains" owner="SeleniumLibrary">
<arg>Thank you for your purchase!</arg>
<arg>10s</arg>
<doc>Waits until ``text`` appears on the current page.</doc>
<status status="PASS" start="2025-10-23T00:48:14.448324" elapsed="0.015894"/>
</kw>
<kw name="Sleep" owner="BuiltIn">
<msg time="2025-10-23T00:48:15.465092" level="INFO">Slept 1 second.</msg>
<arg>1s</arg>
<doc>Pauses the test executed for the given time.</doc>
<status status="PASS" start="2025-10-23T00:48:14.464494" elapsed="1.000819"/>
</kw>
<kw name="Click Button" owner="SeleniumLibrary">
<msg time="2025-10-23T00:48:15.465965" level="INFO">Clicking button 'xpath://button[text()='OK']'.</msg>
<arg>xpath://button[text()='OK']</arg>
<doc>Clicks the button identified by ``locator``.</doc>
<status status="PASS" start="2025-10-23T00:48:15.465663" elapsed="0.941643"/>
</kw>
<kw name="Sleep" owner="BuiltIn">
<msg time="2025-10-23T00:48:18.409380" level="INFO">Slept 2 seconds.</msg>
<arg>2s</arg>
<doc>Pauses the test executed for the given time.</doc>
<status status="PASS" start="2025-10-23T00:48:16.407688" elapsed="2.002272"/>
</kw>
<kw name="Close Browser" owner="SeleniumLibrary">
<doc>Closes the current browser.</doc>
<status status="PASS" start="2025-10-23T00:48:18.410951" elapsed="0.095204"/>
</kw>
<status status="PASS" start="2025-10-23T00:47:45.163092" elapsed="33.343248"/>
</test>
<status status="PASS" start="2025-10-23T00:47:45.072135" elapsed="33.434644"/>
</suite>
<statistics>
<total>
<stat pass="1" fail="0" skip="0">All Tests</stat>
</total>
<tag>
</tag>
<suite>
<stat name="Buy Product Test" id="s1" pass="1" fail="0" skip="0">Buy Product Test</stat>
</suite>
</statistics>
<errors>
</errors>
</robot>
