<?xml version="1.0" encoding="UTF-8"?>
<robot generator="Robot 7.3.2 (Python 3.12.4 on darwin)" generated="2025-10-23T00:48:29.104393" rpa="false" schemaversion="5">
<suite id="s1" name="Test Cases" source="/Users/nursatsakyshev/Documents/Software-Test-Automation-Homework/test_cases">
<suite id="s1-s1" name="Buy Product Test" source="/Users/nursatsakyshev/Documents/Software-Test-Automation-Homework/test_cases/buy_product_test.robot">
<test id="s1-s1-t1" name="Buy Product Test" line="10">
<kw name="Open Browser" owner="SeleniumLibrary">
<msg time="2025-10-23T00:48:29.197566" level="INFO">Opening browser 'chrome' to base url 'https://www.demoblaze.com/'.</msg>
<arg>${URL}</arg>
<arg>chrome</arg>
<doc>Opens a new browser instance to the optional ``url``.</doc>
<status status="PASS" start="2025-10-23T00:48:29.197428" elapsed="2.766812"/>
</kw>
<kw name="Maximize Browser Window" owner="SeleniumLibrary">
<doc>Maximizes current browser window.</doc>
<status status="PASS" start="2025-10-23T00:48:31.964732" elapsed="0.363145"/>
</kw>
<kw name="Sleep" owner="BuiltIn">
<msg time="2025-10-23T00:48:34.329646" level="INFO">Slept 2 seconds.</msg>
<arg>2s</arg>
<doc>Pauses the test executed for the given time.</doc>
<status status="PASS" start="2025-10-23T00:48:32.328094" elapsed="2.001637"/>
</kw>
<kw name="Click Element" owner="SeleniumLibrary">
<msg time="2025-10-23T00:48:34.330195" level="INFO">Clicking element 'id:login2'.</msg>
<arg>id:login2</arg>
<doc>Click the element identified by ``locator``.</doc>
<status status="PASS" start="2025-10-23T00:48:34.329887" elapsed="0.050370"/>
</kw>
<kw name="Sleep" owner="BuiltIn">
<msg time="2025-10-23T00:48:36.383295" level="INFO">Slept 2 seconds.</msg>
<arg>2s</arg>
<doc>Pauses the test executed for the given time.</doc>
<status status="PASS" start="2025-10-23T00:48:34.380412" elapsed="2.003594"/>
</kw>
<kw name="Input Text" owner="SeleniumLibrary">
<msg time="2025-10-23T00:48:36.389262" level="INFO">Typing text 'nursat_sakyshev' into text field 'id:loginusername'.</msg>
<arg>id:loginusername</arg>
<arg>${USERNAME}</arg>
<doc>Types the given ``text`` into the text field identified by ``locator``.</doc>
<status status="PASS" start="2025-10-23T00:48:36.385179" elapsed="0.125722"/>
</kw>
<kw name="Input Text" owner="SeleniumLibrary">
<msg time="2025-10-23T00:48:36.511286" level="INFO">Typing text 'test12345' into text field 'id:loginpassword'.</msg>
<arg>id:loginpassword</arg>
<arg>${PASSWORD}</arg>
<doc>Types the given ``text`` into the text field identified by ``locator``.</doc>
<status status="PASS" start="2025-10-23T00:48:36.511094" elapsed="0.049038"/>
</kw>
<kw name="Sleep" owner="BuiltIn">
<msg time="2025-10-23T00:48:37.561309" level="INFO">Slept 1 second.</msg>
<arg>1s</arg>
<doc>Pauses the test executed for the given time.</doc>
<status status="PASS" start="2025-10-23T00:48:36.560285" elapsed="1.002024"/>
</kw>
<kw name="Click Button" owner="SeleniumLibrary">
<msg time="2025-10-23T00:48:37.566645" level="INFO">Clicking button 'xpath://button[text()='Log in']'.</msg>
<arg>xpath://button[text()='Log in']</arg>
<doc>Clicks the button identified by ``locator``.</doc>
<status status="PASS" start="2025-10-23T00:48:37.565884" elapsed="0.060047"/>
</kw>
<kw name="Wait Until Page Contains" owner="SeleniumLibrary">
<arg>Welcome ${USERNAME}</arg>
<arg>10s</arg>
<doc>Waits until ``text`` appears on the current page.</doc>
<status status="PASS" start="2025-10-23T00:48:37.626119" elapsed="1.644784"/>
</kw>
<kw name="Sleep" owner="BuiltIn">
<msg time="2025-10-23T00:48:41.272916" level="INFO">Slept 2 seconds.</msg>
<arg>2s</arg>
<doc>Pauses the test executed for the given time.</doc>
<status status="PASS" start="2025-10-23T00:48:39.271306" elapsed="2.002295"/>
</kw>
<kw name="Click Element" owner="SeleniumLibrary">
<msg time="2025-10-23T00:48:41.275629" level="INFO">Clicking element 'xpath://a[text()='Samsung galaxy s6']'.</msg>
<arg>xpath://a[text()='Samsung galaxy s6']</arg>
<doc>Click the element identified by ``locator``.</doc>
<status status="PASS" start="2025-10-23T00:48:41.274784" elapsed="1.273456"/>
</kw>
<kw name="Wait Until Element Is Visible" owner="SeleniumLibrary">
<arg>xpath://a[contains(text(),'Add to cart')]</arg>
<arg>10s</arg>
<doc>Waits until the element ``locator`` is visible.</doc>
<status status="PASS" start="2025-10-23T00:48:42.548496" elapsed="0.862007"/>
</kw>
<kw name="Sleep" owner="BuiltIn">
<msg time="2025-10-23T00:48:45.411903" level="INFO">Slept 2 seconds.</msg>
<arg>2s</arg>
<doc>Pauses the test executed for the given time.</doc>
<status status="PASS" start="2025-10-23T00:48:43.410825" elapsed="2.001640"/>
</kw>
<kw name="Click Element" owner="SeleniumLibrary">
<msg time="2025-10-23T00:48:45.414375" level="INFO">Clicking element 'xpath://a[contains(text(),'Add to cart')]'.</msg>
<arg>xpath://a[contains(text(),'Add to cart')]</arg>
<doc>Click the element identified by ``locator``.</doc>
<status status="PASS" start="2025-10-23T00:48:45.413639" elapsed="0.064406"/>
</kw>
<kw name="Handle Alert" owner="SeleniumLibrary">
<msg time="2025-10-23T00:48:45.478364" level="INFO">HANDLE::&lt;class 'NoneType'&gt;::None</msg>
<arg>ACCEPT</arg>
<doc>Handles the current alert and returns its message.</doc>
<status status="PASS" start="2025-10-23T00:48:45.478231" elapsed="1.016355"/>
</kw>
<kw name="Sleep" owner="BuiltIn">
<msg time="2025-10-23T00:48:48.495561" level="INFO">Slept 2 seconds.</msg>
<arg>2s</arg>
<doc>Pauses the test executed for the given time.</doc>
<status status="PASS" start="2025-10-23T00:48:46.494873" elapsed="2.000789"/>
</kw>
<kw name="Click Element" owner="SeleniumLibrary">
<msg time="2025-10-23T00:48:48.496046" level="INFO">Clicking element 'id:cartur'.</msg>
<arg>id:cartur</arg>
<doc>Click the element identified by ``locator``.</doc>
<status status="PASS" start="2025-10-23T00:48:48.495887" elapsed="0.641384"/>
</kw>
<kw name="Wait Until Page Contains Element" owner="SeleniumLibrary">
<arg>xpath://button[text()='Place Order']</arg>
<arg>10s</arg>
<doc>Waits until the element ``locator`` appears on the current page.</doc>
<status status="PASS" start="2025-10-23T00:48:49.137468" elapsed="0.013518"/>
</kw>
<kw name="Sleep" owner="BuiltIn">
<msg time="2025-10-23T00:48:51.152342" level="INFO">Slept 2 seconds.</msg>
<arg>2s</arg>
<doc>Pauses the test executed for the given time.</doc>
<status status="PASS" start="2025-10-23T00:48:49.151161" elapsed="2.001654"/>
</kw>
<kw name="Click Button" owner="SeleniumLibrary">
<msg time="2025-10-23T00:48:51.154331" level="INFO">Clicking button 'xpath://button[text()='Place Order']'.</msg>
<arg>xpath://button[text()='Place Order']</arg>
<doc>Clicks the button identified by ``locator``.</doc>
<status status="PASS" start="2025-10-23T00:48:51.153636" elapsed="0.057634"/>
</kw>
<kw name="Wait Until Element Is Visible" owner="SeleniumLibrary">
<arg>id:name</arg>
<arg>10s</arg>
<doc>Waits until the element ``locator`` is visible.</doc>
<status status="PASS" start="2025-10-23T00:48:51.211442" elapsed="0.224469"/>
</kw>
<kw name="Sleep" owner="BuiltIn">
<msg time="2025-10-23T00:48:52.437544" level="INFO">Slept 1 second.</msg>
<arg>1s</arg>
<doc>Pauses the test executed for the given time.</doc>
<status status="PASS" start="2025-10-23T00:48:51.436144" elapsed="1.001974"/>
</kw>
<kw name="Input Text" owner="SeleniumLibrary">
<msg time="2025-10-23T00:48:52.440008" level="INFO">Typing text 'Nursat' into text field 'id:name'.</msg>
<arg>id:name</arg>
<arg>Nursat</arg>
<doc>Types the given ``text`` into the text field identified by ``locator``.</doc>
<status status="PASS" start="2025-10-23T00:48:52.439112" elapsed="0.056640"/>
</kw>
<kw name="Input Text" owner="SeleniumLibrary">
<msg time="2025-10-23T00:48:52.496108" level="INFO">Typing text 'Kazakhstan' into text field 'id:country'.</msg>
<arg>id:country</arg>
<arg>Kazakhstan</arg>
<doc>Types the given ``text`` into the text field identified by ``locator``.</doc>
<status status="PASS" start="2025-10-23T00:48:52.495921" elapsed="0.037419"/>
</kw>
<kw name="Input Text" owner="SeleniumLibrary">
<msg time="2025-10-23T00:48:52.533646" level="INFO">Typing text 'Almaty' into text field 'id:city'.</msg>
<arg>id:city</arg>
<arg>Almaty</arg>
<doc>Types the given ``text`` into the text field identified by ``locator``.</doc>
<status status="PASS" start="2025-10-23T00:48:52.533515" elapsed="0.035352"/>
</kw>
<kw name="Input Text" owner="SeleniumLibrary">
<msg time="2025-10-23T00:48:52.569404" level="INFO">Typing text '1234567890123456' into text field 'id:card'.</msg>
<arg>id:card</arg>
<arg>1234567890123456</arg>
<doc>Types the given ``text`` into the text field identified by ``locator``.</doc>
<status status="PASS" start="2025-10-23T00:48:52.569238" elapsed="0.039514"/>
</kw>
<kw name="Input Text" owner="SeleniumLibrary">
<msg time="2025-10-23T00:48:52.609029" level="INFO">Typing text '10' into text field 'id:month'.</msg>
<arg>id:month</arg>
<arg>10</arg>
<doc>Types the given ``text`` into the text field identified by ``locator``.</doc>
<status status="PASS" start="2025-10-23T00:48:52.608896" elapsed="0.042889"/>
</kw>
<kw name="Input Text" owner="SeleniumLibrary">
<msg time="2025-10-23T00:48:52.652083" level="INFO">Typing text '2025' into text field 'id:year'.</msg>
<arg>id:year</arg>
<arg>2025</arg>
<doc>Types the given ``text`` into the text field identified by ``locator``.</doc>
<status status="PASS" start="2025-10-23T00:48:52.651949" elapsed="0.033503"/>
</kw>
<kw name="Sleep" owner="BuiltIn">
<msg time="2025-10-23T00:48:53.686028" level="INFO">Slept 1 second.</msg>
<arg>1s</arg>
<doc>Pauses the test executed for the given time.</doc>
<status status="PASS" start="2025-10-23T00:48:52.685603" elapsed="1.001057"/>
</kw>
<kw name="Click Button" owner="SeleniumLibrary">
<msg time="2025-10-23T00:48:53.690498" level="INFO">Clicking button 'xpath://button[text()='Purchase']'.</msg>
<arg>xpath://button[text()='Purchase']</arg>
<doc>Clicks the button identified by ``locator``.</doc>
<status status="PASS" start="2025-10-23T00:48:53.689917" elapsed="0.060399"/>
</kw>
<kw name="Sleep" owner="BuiltIn">
<msg time="2025-10-23T00:48:56.751913" level="INFO">Slept 3 seconds.</msg>
<arg>3s</arg>
<doc>Pauses the test executed for the given time.</doc>
<status status="PASS" start="2025-10-23T00:48:53.750482" elapsed="3.001901"/>
</kw>
<kw name="Wait Until Page Contains" owner="SeleniumLibrary">
<arg>Thank you for your purchase!</arg>
<arg>10s</arg>
<doc>Waits until ``text`` appears on the current page.</doc>
<status status="PASS" start="2025-10-23T00:48:56.753185" elapsed="0.015251"/>
</kw>
<kw name="Sleep" owner="BuiltIn">
<msg time="2025-10-23T00:48:57.771878" level="INFO">Slept 1 second.</msg>
<arg>1s</arg>
<doc>Pauses the test executed for the given time.</doc>
<status status="PASS" start="2025-10-23T00:48:56.768754" elapsed="1.004346"/>
</kw>
<kw name="Click Button" owner="SeleniumLibrary">
<msg time="2025-10-23T00:48:57.775000" level="INFO">Clicking button 'xpath://button[text()='OK']'.</msg>
<arg>xpath://button[text()='OK']</arg>
<doc>Clicks the button identified by ``locator``.</doc>
<status status="PASS" start="2025-10-23T00:48:57.774162" elapsed="1.039275"/>
</kw>
<kw name="Sleep" owner="BuiltIn">
<msg time="2025-10-23T00:49:00.815561" level="INFO">Slept 2 seconds.</msg>
<arg>2s</arg>
<doc>Pauses the test executed for the given time.</doc>
<status status="PASS" start="2025-10-23T00:48:58.813798" elapsed="2.002376"/>
</kw>
<kw name="Close Browser" owner="SeleniumLibrary">
<doc>Closes the current browser.</doc>
<status status="PASS" start="2025-10-23T00:49:00.817217" elapsed="0.093050"/>
</kw>
<status status="PASS" start="2025-10-23T00:48:29.196899" elapsed="31.713555"/>
</test>
<status status="PASS" start="2025-10-23T00:48:29.119453" elapsed="31.791318"/>
</suite>
<suite id="s1-s2" name="Login Test" source="/Users/nursatsakyshev/Documents/Software-Test-Automation-Homework/test_cases/login_test.robot">
<test id="s1-s2-t1" name="Login Test" line="10">
<kw name="Open Browser" owner="SeleniumLibrary">
<msg time="2025-10-23T00:49:00.913071" level="INFO">Opening browser 'chrome' to base url 'https://www.demoblaze.com/'.</msg>
<arg>${URL}</arg>
<arg>chrome</arg>
<doc>Opens a new browser instance to the optional ``url``.</doc>
<status status="PASS" start="2025-10-23T00:49:00.912899" elapsed="2.496973"/>
</kw>
<kw name="Click Element" owner="SeleniumLibrary">
<msg time="2025-10-23T00:49:03.410991" level="INFO">Clicking element 'id:login2'.</msg>
<arg>id:login2</arg>
<doc>Click the element identified by ``locator``.</doc>
<status status="PASS" start="2025-10-23T00:49:03.410628" elapsed="0.042549"/>
</kw>
<kw name="Sleep" owner="BuiltIn">
<msg time="2025-10-23T00:49:05.454966" level="INFO">Slept 2 seconds.</msg>
<arg>2s</arg>
<doc>Pauses the test executed for the given time.</doc>
<status status="PASS" start="2025-10-23T00:49:03.453335" elapsed="2.001719"/>
</kw>
<kw name="Input Text" owner="SeleniumLibrary">
<msg time="2025-10-23T00:49:05.455368" level="INFO">Typing text 'nursat_sakyshev' into text field 'id:loginusername'.</msg>
<arg>id:loginusername</arg>
<arg>${USERNAME}</arg>
<doc>Types the given ``text`` into the text field identified by ``locator``.</doc>
<status status="PASS" start="2025-10-23T00:49:05.455200" elapsed="0.112375"/>
</kw>
<kw name="Input Text" owner="SeleniumLibrary">
<msg time="2025-10-23T00:49:05.567903" level="INFO">Typing text 'test12345' into text field 'id:loginpassword'.</msg>
<arg>id:loginpassword</arg>
<arg>${PASSWORD}</arg>
<doc>Types the given ``text`` into the text field identified by ``locator``.</doc>
<status status="PASS" start="2025-10-23T00:49:05.567740" elapsed="0.053709"/>
</kw>
<kw name="Click Button" owner="SeleniumLibrary">
<msg time="2025-10-23T00:49:05.621781" level="INFO">Clicking button 'xpath://button[text()='Log in']'.</msg>
<arg>xpath://button[text()='Log in']</arg>
<doc>Clicks the button identified by ``locator``.</doc>
<status status="PASS" start="2025-10-23T00:49:05.621632" elapsed="0.044063"/>
</kw>
<kw name="Sleep" owner="BuiltIn">
<msg time="2025-10-23T00:49:08.667597" level="INFO">Slept 3 seconds.</msg>
<arg>3s</arg>
<doc>Pauses the test executed for the given time.</doc>
<status status="PASS" start="2025-10-23T00:49:05.665873" elapsed="3.002290"/>
</kw>
<kw name="Page Should Contain" owner="SeleniumLibrary">
<msg time="2025-10-23T00:49:08.689270" level="INFO">Current page contains text 'Welcome nursat_sakyshev'.</msg>
<arg>Welcome ${USERNAME}</arg>
<doc>Verifies that current page contains ``text``.</doc>
<status status="PASS" start="2025-10-23T00:49:08.669190" elapsed="0.020189"/>
</kw>
<kw name="Close Browser" owner="SeleniumLibrary">
<doc>Closes the current browser.</doc>
<status status="PASS" start="2025-10-23T00:49:08.689617" elapsed="0.084367"/>
</kw>
<status status="PASS" start="2025-10-23T00:49:00.912629" elapsed="7.861556"/>
</test>
<status status="PASS" start="2025-10-23T00:49:00.911068" elapsed="7.863344"/>
</suite>
<suite id="s1-s3" name="Logout Test" source="/Users/nursatsakyshev/Documents/Software-Test-Automation-Homework/test_cases/logout_test.robot">
<test id="s1-s3-t1" name="Logout Test" line="10">
<kw name="Open Browser" owner="SeleniumLibrary">
<msg time="2025-10-23T00:49:08.776589" level="INFO">Opening browser 'chrome' to base url 'https://www.demoblaze.com/'.</msg>
<arg>${URL}</arg>
<arg>chrome</arg>
<doc>Opens a new browser instance to the optional ``url``.</doc>
<status status="PASS" start="2025-10-23T00:49:08.776456" elapsed="2.491399"/>
</kw>
<kw name="Maximize Browser Window" owner="SeleniumLibrary">
<doc>Maximizes current browser window.</doc>
<status status="PASS" start="2025-10-23T00:49:11.268543" elapsed="0.360995"/>
</kw>
<kw name="Click Element" owner="SeleniumLibrary">
<msg time="2025-10-23T00:49:11.629879" level="INFO">Clicking element 'id:login2'.</msg>
<arg>id:login2</arg>
<doc>Click the element identified by ``locator``.</doc>
<status status="PASS" start="2025-10-23T00:49:11.629697" elapsed="0.034922"/>
</kw>
<kw name="Sleep" owner="BuiltIn">
<msg time="2025-10-23T00:49:13.665959" level="INFO">Slept 2 seconds.</msg>
<arg>2s</arg>
<doc>Pauses the test executed for the given time.</doc>
<status status="PASS" start="2025-10-23T00:49:11.664809" elapsed="2.001326"/>
</kw>
<kw name="Input Text" owner="SeleniumLibrary">
<msg time="2025-10-23T00:49:13.666524" level="INFO">Typing text 'nursat_sakyshev' into text field 'id:loginusername'.</msg>
<arg>id:loginusername</arg>
<arg>${USERNAME}</arg>
<doc>Types the given ``text`` into the text field identified by ``locator``.</doc>
<status status="PASS" start="2025-10-23T00:49:13.666323" elapsed="0.084181"/>
</kw>
<kw name="Input Text" owner="SeleniumLibrary">
<msg time="2025-10-23T00:49:13.750810" level="INFO">Typing text 'test12345' into text field 'id:loginpassword'.</msg>
<arg>id:loginpassword</arg>
<arg>${PASSWORD}</arg>
<doc>Types the given ``text`` into the text field identified by ``locator``.</doc>
<status status="PASS" start="2025-10-23T00:49:13.750661" elapsed="0.038220"/>
</kw>
<kw name="Click Button" owner="SeleniumLibrary">
<msg time="2025-10-23T00:49:13.789175" level="INFO">Clicking button 'xpath://button[text()='Log in']'.</msg>
<arg>xpath://button[text()='Log in']</arg>
<doc>Clicks the button identified by ``locator``.</doc>
<status status="PASS" start="2025-10-23T00:49:13.789036" elapsed="0.040072"/>
</kw>
<kw name="Wait Until Page Contains Element" owner="SeleniumLibrary">
<arg>id:logout2</arg>
<arg>10s</arg>
<doc>Waits until the element ``locator`` appears on the current page.</doc>
<status status="PASS" start="2025-10-23T00:49:13.829259" elapsed="0.005903"/>
</kw>
<kw name="Sleep" owner="BuiltIn">
<msg time="2025-10-23T00:49:16.836193" level="INFO">Slept 3 seconds.</msg>
<arg>3s</arg>
<doc>Pauses the test executed for the given time.</doc>
<status status="PASS" start="2025-10-23T00:49:13.835296" elapsed="3.001577"/>
</kw>
<kw name="Click Element" owner="SeleniumLibrary">
<msg time="2025-10-23T00:49:16.838860" level="INFO">Clicking element 'id:logout2'.</msg>
<arg>id:logout2</arg>
<doc>Click the element identified by ``locator``.</doc>
<status status="PASS" start="2025-10-23T00:49:16.838159" elapsed="0.666409"/>
</kw>
<kw name="Sleep" owner="BuiltIn">
<msg time="2025-10-23T00:49:20.507231" level="INFO">Slept 3 seconds.</msg>
<arg>3s</arg>
<doc>Pauses the test executed for the given time.</doc>
<status status="PASS" start="2025-10-23T00:49:17.504760" elapsed="3.002696"/>
</kw>
<kw name="Page Should Contain Element" owner="SeleniumLibrary">
<msg time="2025-10-23T00:49:20.516300" level="INFO">Current page contains element 'id:login2'.</msg>
<arg>id:login2</arg>
<doc>Verifies that element ``locator`` is found on the current page.</doc>
<status status="PASS" start="2025-10-23T00:49:20.507844" elapsed="0.008547"/>
</kw>
<kw name="Close Browser" owner="SeleniumLibrary">
<doc>Closes the current browser.</doc>
<status status="PASS" start="2025-10-23T00:49:20.516577" elapsed="0.083265"/>
</kw>
<status status="PASS" start="2025-10-23T00:49:08.776251" elapsed="11.823769"/>
</test>
<status status="PASS" start="2025-10-23T00:49:08.774775" elapsed="11.825445"/>
</suite>
<suite id="s1-s4" name="Signup Test" source="/Users/nursatsakyshev/Documents/Software-Test-Automation-Homework/test_cases/signup_test.robot">
<test id="s1-s4-t1" name="Sign Up Test" line="10">
<kw name="Open Browser" owner="SeleniumLibrary">
<msg time="2025-10-23T00:49:20.602315" level="INFO">Opening browser 'chrome' to base url 'https://www.demoblaze.com/'.</msg>
<arg>${URL}</arg>
<arg>chrome</arg>
<doc>Opens a new browser instance to the optional ``url``.</doc>
<status status="PASS" start="2025-10-23T00:49:20.602177" elapsed="2.377571"/>
</kw>
<kw name="Click Element" owner="SeleniumLibrary">
<msg time="2025-10-23T00:49:22.980705" level="INFO">Clicking element 'id:signin2'.</msg>
<arg>id:signin2</arg>
<doc>Click the element identified by ``locator``.</doc>
<status status="PASS" start="2025-10-23T00:49:22.980341" elapsed="0.039871"/>
</kw>
<kw name="Sleep" owner="BuiltIn">
<msg time="2025-10-23T00:49:25.023309" level="INFO">Slept 2 seconds.</msg>
<arg>2s</arg>
<doc>Pauses the test executed for the given time.</doc>
<status status="PASS" start="2025-10-23T00:49:23.020367" elapsed="2.003465"/>
</kw>
<kw name="Input Text" owner="SeleniumLibrary">
<msg time="2025-10-23T00:49:25.025670" level="INFO">Typing text 'nursat_sakyshev' into text field 'id:sign-username'.</msg>
<arg>id:sign-username</arg>
<arg>${USERNAME}</arg>
<doc>Types the given ``text`` into the text field identified by ``locator``.</doc>
<status status="PASS" start="2025-10-23T00:49:25.024796" elapsed="0.106251"/>
</kw>
<kw name="Input Text" owner="SeleniumLibrary">
<msg time="2025-10-23T00:49:25.131345" level="INFO">Typing text 'test12345' into text field 'id:sign-password'.</msg>
<arg>id:sign-password</arg>
<arg>${PASSWORD}</arg>
<doc>Types the given ``text`` into the text field identified by ``locator``.</doc>
<status status="PASS" start="2025-10-23T00:49:25.131187" elapsed="0.037986"/>
</kw>
<kw name="Click Button" owner="SeleniumLibrary">
<msg time="2025-10-23T00:49:25.169474" level="INFO">Clicking button 'xpath://button[text()='Sign up']'.</msg>
<arg>xpath://button[text()='Sign up']</arg>
<doc>Clicks the button identified by ``locator``.</doc>
<status status="PASS" start="2025-10-23T00:49:25.169342" elapsed="0.046832"/>
</kw>
<kw name="Sleep" owner="BuiltIn">
<msg time="2025-10-23T00:49:27.216900" level="INFO">Slept 2 seconds.</msg>
<arg>2s</arg>
<doc>Pauses the test executed for the given time.</doc>
<status status="PASS" start="2025-10-23T00:49:25.216312" elapsed="2.001249"/>
</kw>
<kw name="Handle Alert" owner="SeleniumLibrary">
<msg time="2025-10-23T00:49:27.220817" level="INFO">HANDLE::&lt;class 'NoneType'&gt;::None</msg>
<arg>ACCEPT</arg>
<doc>Handles the current alert and returns its message.</doc>
<status status="PASS" start="2025-10-23T00:49:27.218641" elapsed="0.010457"/>
</kw>
<kw name="Close Browser" owner="SeleniumLibrary">
<doc>Closes the current browser.</doc>
<status status="PASS" start="2025-10-23T00:49:27.229435" elapsed="0.084698"/>
</kw>
<status status="PASS" start="2025-10-23T00:49:20.601973" elapsed="6.712334"/>
</test>
<status status="PASS" start="2025-10-23T00:49:20.600503" elapsed="6.713997"/>
</suite>
<status status="PASS" start="2025-10-23T00:48:29.104983" elapsed="58.209769"/>
</suite>
<statistics>
<total>
<stat pass="4" fail="0" skip="0">All Tests</stat>
</total>
<tag>
</tag>
<suite>
<stat name="Test Cases" id="s1" pass="4" fail="0" skip="0">Test Cases</stat>
<stat name="Buy Product Test" id="s1-s1" pass="1" fail="0" skip="0">Test Cases.Buy Product Test</stat>
<stat name="Login Test" id="s1-s2" pass="1" fail="0" skip="0">Test Cases.Login Test</stat>
<stat name="Logout Test" id="s1-s3" pass="1" fail="0" skip="0">Test Cases.Logout Test</stat>
<stat name="Signup Test" id="s1-s4" pass="1" fail="0" skip="0">Test Cases.Signup Test</stat>
</suite>
</statistics>
<errors>
</errors>
</robot>
